==========================================================
CGYRO a112f8c [2024-03-07] MINGYUE Linux x86_64
==========================================================
mpiexec -x OMP_NUM_THREADS=1  -n 1024 /public/home/jianx/mycode/gacode_2021_gfortran/cgyro/src/cgyro 0
[t: 2.510E+02][e: 1.388E-02 8.336E-16]
[t: 2.520E+02][e: 1.375E-02 2.074E-13]
[t: 2.530E+02][e: 1.269E-02 8.595E-11]
[t: 2.540E+02][e: 1.328E-02 1.714E-10]
[t: 2.550E+02][e: 1.544E-02 1.563E-14]
[t: 2.560E+02][e: 1.606E-02 2.883E-10]
[t: 2.570E+02][e: 1.435E-02 1.108E-09]
[t: 2.580E+02][e: 1.497E-02 4.293E-12]
[t: 2.590E+02][e: 1.842E-02 7.319E-15]
[t: 2.600E+02][e: 1.693E-02 8.743E-15]
[t: 2.610E+02][e: 1.695E-02 4.109E-16]
[t: 2.620E+02][e: 1.589E-02 1.533E-09]
[t: 2.630E+02][e: 2.003E-02 1.276E-13]
[t: 2.640E+02][e: 1.725E-02 1.909E-17]
[t: 2.650E+02][e: 1.657E-02 1.385E-16]
[t: 2.660E+02][e: 1.654E-02 1.559E-15]
[t: 2.670E+02][e: 1.677E-02 1.973E-15]
[t: 2.680E+02][e: 1.736E-02 4.736E-17]
[t: 2.690E+02][e: 1.597E-02 4.485E-11]
[t: 2.700E+02][e: 1.720E-02 2.118E-10]
[t: 2.710E+02][e: 1.649E-02 1.136E-14]
[t: 2.720E+02][e: 1.543E-02 4.150E-09]
[t: 2.730E+02][e: 1.481E-02 1.502E-12]
[t: 2.740E+02][e: 1.513E-02 9.367E-11]
[t: 2.750E+02][e: 1.571E-02 9.084E-14]
[t: 2.760E+02][e: 1.593E-02 3.672E-17]
[t: 2.770E+02][e: 1.951E-02 1.190E-10]
[t: 2.780E+02][e: 1.615E-02 5.785E-10]
[t: 2.790E+02][e: 1.545E-02 1.989E-09]
[t: 2.800E+02][e: 1.509E-02 2.184E-10]
[t: 2.810E+02][e: 1.458E-02 3.422E-17]
[t: 2.820E+02][e: 1.370E-02 3.643E-10]
[t: 2.830E+02][e: 1.250E-02 1.128E-09]
[t: 2.840E+02][e: 1.203E-02 3.392E-11]
[t: 2.850E+02][e: 1.138E-02 3.692E-17]
[t: 2.860E+02][e: 1.101E-02 8.002E-10]
[t: 2.870E+02][e: 1.114E-02 5.073E-17]
[t: 2.880E+02][e: 1.179E-02 1.333E-17]
[t: 2.890E+02][e: 1.171E-02 1.359E-18]
[t: 2.900E+02][e: 1.136E-02 2.802E-09]
[t: 2.910E+02][e: 1.127E-02 1.233E-09]
[t: 2.920E+02][e: 1.420E-02 1.629E-10]
[t: 2.930E+02][e: 1.118E-02 1.609E-11]
[t: 2.940E+02][e: 1.228E-02 5.428E-13]
[t: 2.950E+02][e: 1.254E-02 1.366E-16]
[t: 2.960E+02][e: 1.284E-02 7.083E-13]
[t: 2.970E+02][e: 1.237E-02 1.716E-09]
[t: 2.980E+02][e: 1.321E-02 1.899E-11]
[t: 2.990E+02][e: 1.304E-02 1.158E-09]
[t: 3.000E+02][e: 1.155E-02 1.285E-11]
[t: 3.010E+02][e: 1.098E-02 1.395E-16]
[t: 3.020E+02][e: 1.048E-02 1.121E-10]
[t: 3.030E+02][e: 1.420E-02 6.810E-11]
[t: 3.040E+02][e: 1.036E-02 1.380E-15]
[t: 3.050E+02][e: 1.074E-02 9.819E-18]
[t: 3.060E+02][e: 1.085E-02 3.072E-12]
[t: 3.070E+02][e: 1.068E-02 2.754E-09]
[t: 3.080E+02][e: 1.081E-02 4.984E-11]
[t: 3.090E+02][e: 1.090E-02 2.431E-10]
[t: 3.100E+02][e: 1.366E-02 2.349E-12]
[t: 3.110E+02][e: 1.136E-02 5.376E-16]
[t: 3.120E+02][e: 1.195E-02 2.854E-09]
[t: 3.130E+02][e: 1.233E-02 1.807E-09]
[t: 3.140E+02][e: 1.201E-02 1.432E-17]
[t: 3.150E+02][e: 1.169E-02 1.186E-15]
[t: 3.160E+02][e: 1.160E-02 2.472E-10]
[t: 3.170E+02][e: 1.139E-02 8.901E-17]
[t: 3.180E+02][e: 1.152E-02 5.354E-11]
[t: 3.190E+02][e: 1.185E-02 3.076E-09]
[t: 3.200E+02][e: 1.150E-02 7.725E-10]
[t: 3.210E+02][e: 1.098E-02 1.521E-16]
[t: 3.220E+02][e: 1.057E-02 2.732E-08]
[t: 3.230E+02][e: 1.105E-02 2.126E-10]
[t: 3.240E+02][e: 1.049E-02 7.199E-10]
[t: 3.250E+02][e: 1.361E-02 3.494E-12]
[t: 3.260E+02][e: 1.097E-02 1.869E-09]
[t: 3.270E+02][e: 1.364E-02 2.030E-15]
[t: 3.280E+02][e: 1.113E-02 2.850E-16]
[t: 3.290E+02][e: 1.396E-02 1.127E-09]
[t: 3.300E+02][e: 1.156E-02 4.256E-16]
[t: 3.310E+02][e: 1.188E-02 1.109E-16]
[t: 3.320E+02][e: 1.221E-02 5.682E-11]
[t: 3.330E+02][e: 1.507E-02 9.575E-10]
[t: 3.340E+02][e: 1.206E-02 3.225E-12]
[t: 3.350E+02][e: 1.159E-02 5.497E-17]
[t: 3.360E+02][e: 1.191E-02 6.599E-10]
[t: 3.370E+02][e: 1.207E-02 4.316E-17]
[t: 3.380E+02][e: 1.151E-02 4.004E-12]
[t: 3.390E+02][e: 1.101E-02 2.156E-10]
[t: 3.400E+02][e: 1.032E-02 3.744E-11]
[t: 3.410E+02][e: 9.958E-03 6.532E-16]
[t: 3.420E+02][e: 1.294E-02 3.200E-14]
[t: 3.430E+02][e: 9.695E-03 1.245E-11]
[t: 3.440E+02][e: 9.209E-03 1.145E-08]
[t: 3.450E+02][e: 1.241E-02 1.545E-15]
[t: 3.460E+02][e: 1.217E-02 6.196E-09]
[t: 3.470E+02][e: 9.263E-03 3.274E-12]
[t: 3.480E+02][e: 9.189E-03 1.532E-15]
[t: 3.490E+02][e: 9.191E-03 8.286E-10]
[t: 3.500E+02][e: 9.253E-03 2.524E-12]
[t: 3.510E+02][e: 1.245E-02 1.345E-12]
[t: 3.520E+02][e: 9.674E-03 3.262E-15]
[t: 3.530E+02][e: 1.033E-02 4.241E-15]
[t: 3.540E+02][e: 1.035E-02 2.591E-10]
[t: 3.550E+02][e: 1.040E-02 1.556E-18]
[t: 3.560E+02][e: 1.029E-02 2.268E-13]
[t: 3.570E+02][e: 1.056E-02 1.307E-17]
[t: 3.580E+02][e: 1.048E-02 3.982E-09]
[t: 3.590E+02][e: 1.009E-02 2.102E-17]
[t: 3.600E+02][e: 1.004E-02 9.352E-10]
[t: 3.610E+02][e: 1.414E-02 9.634E-10]
[t: 3.620E+02][e: 9.630E-03 1.195E-17]
[t: 3.630E+02][e: 9.327E-03 6.599E-17]
[t: 3.640E+02][e: 9.480E-03 2.473E-09]
[t: 3.650E+02][e: 9.538E-03 2.466E-07]
[t: 3.660E+02][e: 9.397E-03 3.321E-12]
[t: 3.670E+02][e: 9.298E-03 6.017E-17]
[t: 3.680E+02][e: 1.366E-02 5.915E-10]
[t: 3.690E+02][e: 9.686E-03 1.089E-10]
[t: 3.700E+02][e: 1.418E-02 8.125E-18]
[t: 3.710E+02][e: 9.963E-03 2.924E-16]
[t: 3.720E+02][e: 1.126E-02 3.616E-15]
[t: 3.730E+02][e: 1.035E-02 1.058E-11]
[t: 3.740E+02][e: 1.036E-02 4.789E-10]
[t: 3.750E+02][e: 1.122E-02 1.251E-09]
[t: 3.760E+02][e: 1.015E-02 3.630E-17]
[t: 3.770E+02][e: 1.018E-02 1.250E-13]
[t: 3.780E+02][e: 1.047E-02 7.837E-17]
[t: 3.790E+02][e: 1.080E-02 5.908E-17]
[t: 3.800E+02][e: 1.100E-02 5.604E-10]
[t: 3.810E+02][e: 1.140E-02 1.807E-17]
[t: 3.820E+02][e: 1.129E-02 3.662E-11]
[t: 3.830E+02][e: 1.108E-02 4.934E-09]
[t: 3.840E+02][e: 1.096E-02 2.681E-09]
[t: 3.850E+02][e: 1.046E-02 5.469E-09]
[t: 3.860E+02][e: 1.020E-02 4.306E-09]
[t: 3.870E+02][e: 9.817E-03 1.450E-09]
[t: 3.880E+02][e: 9.781E-03 1.727E-14]
[t: 3.890E+02][e: 9.492E-03 1.345E-16]
[t: 3.900E+02][e: 1.305E-02 1.210E-14]
[t: 3.910E+02][e: 1.360E-02 1.510E-18]
[t: 3.920E+02][e: 1.315E-02 5.876E-08]
[t: 3.930E+02][e: 9.514E-03 2.930E-14]
[t: 3.940E+02][e: 9.420E-03 2.415E-10]
[t: 3.950E+02][e: 1.319E-02 4.052E-11]
[t: 3.960E+02][e: 9.863E-03 9.141E-16]
[t: 3.970E+02][e: 1.005E-02 1.063E-10]
[t: 3.980E+02][e: 9.957E-03 1.431E-17]
[t: 3.990E+02][e: 1.426E-02 3.051E-17]
[t: 4.000E+02][e: 1.066E-02 3.091E-09]
[t: 4.010E+02][e: 1.093E-02 1.124E-09]
[t: 4.020E+02][e: 1.418E-02 5.990E-10]
[t: 4.030E+02][e: 1.389E-02 3.851E-13]
[t: 4.040E+02][e: 9.807E-03 2.504E-11]
[t: 4.050E+02][e: 9.911E-03 1.404E-16]
[t: 4.060E+02][e: 9.895E-03 4.822E-15]
[t: 4.070E+02][e: 1.156E-02 1.704E-11]
[t: 4.080E+02][e: 9.501E-03 1.702E-10]
[t: 4.090E+02][e: 1.282E-02 7.792E-10]
[t: 4.100E+02][e: 9.635E-03 7.487E-10]
[t: 4.110E+02][e: 1.131E-02 3.170E-09]
[t: 4.120E+02][e: 1.018E-02 8.419E-12]
[t: 4.130E+02][e: 1.048E-02 3.284E-10]
[t: 4.140E+02][e: 1.067E-02 3.777E-10]
[t: 4.150E+02][e: 1.123E-02 6.099E-10]
[t: 4.160E+02][e: 1.262E-02 8.425E-11]
[t: 4.170E+02][e: 1.137E-02 7.788E-10]
[t: 4.180E+02][e: 1.142E-02 7.328E-10]
[t: 4.190E+02][e: 1.081E-02 4.782E-15]
[t: 4.200E+02][e: 1.082E-02 8.388E-10]
[t: 4.210E+02][e: 1.081E-02 1.178E-15]
[t: 4.220E+02][e: 1.081E-02 9.092E-13]
[t: 4.230E+02][e: 1.081E-02 1.317E-16]
[t: 4.240E+02][e: 1.097E-02 3.170E-09]
[t: 4.250E+02][e: 1.130E-02 2.034E-14]
[t: 4.260E+02][e: 1.174E-02 1.770E-17]
[t: 4.270E+02][e: 1.242E-02 2.965E-09]
[t: 4.280E+02][e: 1.576E-02 2.151E-14]
[t: 4.290E+02][e: 1.161E-02 3.806E-10]
[t: 4.300E+02][e: 1.129E-02 1.304E-11]
[t: 4.310E+02][e: 1.459E-02 1.790E-12]
[t: 4.320E+02][e: 1.134E-02 2.591E-08]
[t: 4.330E+02][e: 1.167E-02 9.362E-12]
[t: 4.340E+02][e: 1.094E-02 6.643E-09]
[t: 4.350E+02][e: 1.457E-02 9.346E-14]
[t: 4.360E+02][e: 1.462E-02 2.509E-10]
[t: 4.370E+02][e: 1.156E-02 2.293E-16]
[t: 4.380E+02][e: 1.131E-02 1.242E-09]
[t: 4.390E+02][e: 1.058E-02 5.490E-10]
[t: 4.400E+02][e: 1.045E-02 2.706E-10]
[t: 4.410E+02][e: 9.908E-03 7.519E-10]
